<?xml version="1.0" encoding="UTF-8"?>
<testsuite name="TestCount" tests="1" skipped="0" failures="0" errors="0" timestamp="2020-09-11T20:40:28" hostname="950e3da2dcd6" time="0.005">
  <properties/>
  <testcase name="testCount" classname="TestCount" time="0.005"/>
  <system-out><![CDATA[]]></system-out>
  <system-err><![CDATA[]]></system-err>
</testsuite>
