<?xml version="1.0" encoding="UTF-8"?>
<testsuite name="TestCount" tests="1" skipped="0" failures="0" errors="0" timestamp="2020-09-11T20:49:42" hostname="818bbaf2bad5" time="0.004">
  <properties/>
  <testcase name="testCount" classname="TestCount" time="0.004"/>
  <system-out><![CDATA[]]></system-out>
  <system-err><![CDATA[]]></system-err>
</testsuite>
